Flutter crash report.
Please report a bug at https://github.com/flutter/flutter/issues.

## command

flutter debug_adapter

## exception

RPCError: getIsolate: (-32603) Unexpected DWDS error for getIsolate: Bad state: No running isolate (inspector is not set).

```
#0      new _OutstandingRequest (package:vm_service/src/vm_service.dart:265:34)
#1      VmService._call.<anonymous closure> (package:vm_service/src/vm_service.dart:1921:25)
#2      VmService._call (package:vm_service/src/vm_service.dart:1933:8)
#3      VmService.getIsolate (package:vm_service/src/vm_service.dart:1009:7)
#4      IsolateManager._sendLibraryDebuggables (package:dds/src/dap/isolate_manager.dart:1034:35)
#5      IsolateManager._configureIsolate (package:dds/src/dap/isolate_manager.dart:555:9)
#6      IsolateManager.registerIsolate (package:dds/src/dap/isolate_manager.dart:246:13)
#7      IsolateManager.handleEvent (package:dds/src/dap/isolate_manager.dart:189:13)
#8      DartDebugAdapter.handleIsolateEvent (package:dds/src/dap/adapters/dart.dart:2488:26)
<asynchronous suspension>
#9      DartDebugAdapter._withErrorHandling (package:dds/src/dap/adapters/dart.dart:2819:14)
<asynchronous suspension>
```

## flutter doctor

```
[✓] Flutter (Channel stable, 3.32.0, on Microsoft Windows [Version 10.0.26100.4061], locale en-MY) [1,002ms]
    • Flutter version 3.32.0 on channel stable at C:\Users\abdullah.mukta\src\flutter
    • Upstream repository https://github.com/flutter/flutter.git
    • Framework revision be698c48a6 (3 days ago), 2025-05-19 12:59:14 -0700
    • Engine revision 1881800949
    • Dart version 3.8.0
    • DevTools version 2.45.1

[✓] Windows Version (11 Pro 64-bit, 24H2, 2009) [10.3s]

[✓] Android toolchain - develop for Android devices (Android SDK version 35.0.0) [8.7s]
    • Android SDK at C:\Users\abdullah.mukta\AppData\Local\Android\sdk
    • Platform android-Baklava, build-tools 35.0.0
    • Java binary at: C:\Program Files\Android\Android Studio\jbr\bin\java
      This is the JDK bundled with the latest Android Studio installation on this machine.
      To manually set the JDK path, use: `flutter config --jdk-dir="path/to/jdk"`.
    • Java version OpenJDK Runtime Environment (build 17.0.9+0--11185874)
    • All Android licenses accepted.

[✓] Chrome - develop for the web [30ms]
    • Chrome at C:\Program Files\Google\Chrome\Application\chrome.exe

[✗] Visual Studio - develop Windows apps [27ms]
    ✗ Visual Studio not installed; this is necessary to develop Windows apps.
      Download at https://visualstudio.microsoft.com/downloads/.
      Please install the "Desktop development with C++" workload, including all of its default components

[✓] Android Studio (version 2023.2) [21ms]
    • Android Studio at C:\Program Files\Android\Android Studio
    • Flutter plugin can be installed from:
      🔨 https://plugins.jetbrains.com/plugin/9212-flutter
    • Dart plugin can be installed from:
      🔨 https://plugins.jetbrains.com/plugin/6351-dart
    • Java version OpenJDK Runtime Environment (build 17.0.9+0--11185874)

[✓] VS Code (version 1.100.2) [19ms]
    • VS Code at C:\Users\abdullah.mukta\AppData\Local\Programs\Microsoft VS Code
    • Flutter extension version 3.110.0

[✓] Connected device (4 available) [1,012ms]
    • 220333QPG (mobile) • c5512012 • android-arm64  • Android 11 (API 30)
    • Windows (desktop)  • windows  • windows-x64    • Microsoft Windows [Version 10.0.26100.4061]
    • Chrome (web)       • chrome   • web-javascript • Google Chrome 136.0.7103.114
    • Edge (web)         • edge     • web-javascript • Microsoft Edge 135.0.3179.98

[✓] Network resources [803ms]
    • All expected network resources are available.

! Doctor found issues in 1 category.
```
